<?xml version="1.0" encoding="UTF-8"?>
<!-- Generated by org.testng.reporters.JUnitXMLReporter -->
<testsuite ignored="0" hostname="DESKTOP-M0OO5DE" failures="2" tests="2" name="Test-firefox" time="1.854" errors="0" timestamp="2022-09-16T00:12:52 IST">
  <testcase classname="vtiger.Contacts.Tests.CreateContactsWithOrgs" name="CreateContactsWithOrg" time="1.633">
    <failure type="java.lang.NullPointerException" message="Cannot invoke &amp;quot;org.openqa.selenium.WebDriver.manage()&amp;quot; because &amp;quot;driver&amp;quot; is null">
      <![CDATA[java.lang.NullPointerException: Cannot invoke "org.openqa.selenium.WebDriver.manage()" because "driver" is null
at vtiger.GenericUtility.WebdriverUtility.waitForDom(WebdriverUtility.java:48)
at vtiger.Contacts.Tests.CreateContactsWithOrgs.CreateContactsWithOrg(CreateContactsWithOrgs.java:59)
at java.base/java.util.ArrayList.forEach(ArrayList.java:1511)
at java.base/java.util.concurrent.FutureTask.run(FutureTask.java:264)
at java.base/java.util.concurrent.ThreadPoolExecutor.runWorker(ThreadPoolExecutor.java:1136)
at java.base/java.util.concurrent.ThreadPoolExecutor$Worker.run(ThreadPoolExecutor.java:635)
at java.base/java.lang.Thread.run(Thread.java:833)
... Removed 18 stack frames]]>
    </failure>
  </testcase> <!-- CreateContactsWithOrg -->
  <testcase classname="vtiger.Contacts.Tests.CreateContactWithLeadSource" name="createConWithLeadSource" time="0.173">
    <failure type="java.lang.NullPointerException" message="Cannot invoke &amp;quot;org.openqa.selenium.WebDriver.manage()&amp;quot; because &amp;quot;driver&amp;quot; is null">
      <![CDATA[java.lang.NullPointerException: Cannot invoke "org.openqa.selenium.WebDriver.manage()" because "driver" is null
at vtiger.GenericUtility.WebdriverUtility.waitForDom(WebdriverUtility.java:48)
at vtiger.Contacts.Tests.CreateContactWithLeadSource.createConWithLeadSource(CreateContactWithLeadSource.java:60)
at java.base/java.util.ArrayList.forEach(ArrayList.java:1511)
at java.base/java.util.concurrent.FutureTask.run(FutureTask.java:264)
at java.base/java.util.concurrent.ThreadPoolExecutor.runWorker(ThreadPoolExecutor.java:1136)
at java.base/java.util.concurrent.ThreadPoolExecutor$Worker.run(ThreadPoolExecutor.java:635)
at java.base/java.lang.Thread.run(Thread.java:833)
... Removed 18 stack frames]]>
    </failure>
  </testcase> <!-- createConWithLeadSource -->
</testsuite> <!-- Test-firefox -->
