<?xml version="1.0" encoding="UTF-8"?>
<!-- Generated by org.testng.reporters.JUnitReportReporter -->
<testsuite hostname="DESKTOP-M0OO5DE" failures="0" tests="2" name="vtiger.Organization.Tests.CreateOrganisationTest" time="41.621" errors="0" timestamp="2022-09-14T14:40:47 IST" skipped="0">
  <testcase classname="vtiger.Organization.Tests.CreateOrganisationTest" name="CreateOrganisation" time="21.301"/>
  <system-out/>
  <testcase classname="vtiger.Organization.Tests.CreateOrganisationTest" name="CreateOrganisation" time="20.320"/>
  <system-out/>
</testsuite> <!-- vtiger.Organization.Tests.CreateOrganisationTest -->
