<?xml version="1.0" encoding="UTF-8"?>
<!-- Generated by org.testng.reporters.JUnitReportReporter -->
<testsuite hostname="DESKTOP-M0OO5DE" failures="0" tests="1" name="vtiger.Contacts.Tests.CreateContactTest" time="88.200" errors="0" timestamp="2022-09-22T22:41:36 IST" skipped="0">
  <testcase classname="vtiger.Contacts.Tests.CreateContactTest" name="CreateContactTests" time="88.200"/>
  <system-out/>
</testsuite> <!-- vtiger.Contacts.Tests.CreateContactTest -->
