<?xml version="1.0" encoding="UTF-8"?>
<!-- Generated by org.testng.reporters.JUnitReportReporter -->
<testsuite hostname="DESKTOP-M0OO5DE" failures="0" tests="1" name="vtiger.Contacts.Tests.CreateContactWithLeadSource" time="33.353" errors="0" timestamp="2022-09-22T23:14:25 IST" skipped="0">
  <testcase classname="vtiger.Contacts.Tests.CreateContactWithLeadSource" name="createConWithLeadSource" time="33.353"/>
  <system-out/>
</testsuite> <!-- vtiger.Contacts.Tests.CreateContactWithLeadSource -->
