<?xml version="1.0" encoding="UTF-8"?>
<!-- Generated by org.testng.reporters.JUnitReportReporter -->
<testsuite hostname="DESKTOP-M0OO5DE" failures="0" tests="1" name="practice.ReadDataFromCmdLine" time="0.014" errors="0" timestamp="2022-09-18T11:22:10 IST" skipped="0">
  <testcase classname="practice.ReadDataFromCmdLine" name="readData" time="0.014"/>
  <system-out/>
</testsuite> <!-- practice.ReadDataFromCmdLine -->
