<?xml version="1.0" encoding="UTF-8"?>
<!-- Generated by org.testng.reporters.JUnitReportReporter -->
<testsuite hostname="DESKTOP-M0OO5DE" failures="0" tests="1" name="vtiger.Contacts.Tests.CreateContactWithLeadSource" time="17.143" errors="0" timestamp="2022-09-17T00:03:29 IST" skipped="0">
  <testcase classname="vtiger.Contacts.Tests.CreateContactWithLeadSource" name="createConWithLeadSource" time="17.143"/>
  <system-out/>
</testsuite> <!-- vtiger.Contacts.Tests.CreateContactWithLeadSource -->
