<?xml version="1.0" encoding="UTF-8"?>
<!-- Generated by org.testng.reporters.JUnitReportReporter -->
<testsuite hostname="DESKTOP-M0OO5DE" failures="0" tests="1" name="vtiger.Contacts.Tests.CreateContactsWithOrgs" time="99.790" errors="0" timestamp="2022-09-16T00:16:45 IST" skipped="0">
  <testcase classname="vtiger.Contacts.Tests.CreateContactsWithOrgs" name="CreateContactsWithOrg" time="99.790"/>
  <system-out/>
</testsuite> <!-- vtiger.Contacts.Tests.CreateContactsWithOrgs -->
