<?xml version="1.0" encoding="UTF-8"?>
<!-- Generated by org.testng.reporters.JUnitReportReporter -->
<testsuite hostname="DESKTOP-M0OO5DE" failures="0" tests="3" name="practice.Pr2" time="0.011" errors="0" timestamp="2023-01-11T10:53:18 IST" skipped="0">
  <testcase classname="practice.Pr2" name="create" time="0.008"/>
  <system-out>
create Test Started create test success  </system-out>
  <testcase classname="practice.Pr2" name="modify" time="0.002"/>
  <system-out>
modify Test Started modify test success  </system-out>
  <testcase classname="practice.Pr2" name="remove" time="0.001"/>
  <system-out>
remove Test Started remove test success  </system-out>
</testsuite> <!-- practice.Pr2 -->
