<?xml version="1.0" encoding="UTF-8"?>
<!-- Generated by org.testng.reporters.JUnitReportReporter -->
<testsuite hostname="DESKTOP-M0OO5DE" failures="0" tests="1" name="vtiger.Leads.Tests.createLeadWithLeadStatus" time="42.329" errors="0" timestamp="2022-09-18T10:40:39 IST" skipped="0">
  <testcase classname="vtiger.Leads.Tests.createLeadWithLeadStatus" name="createLeadsWithLeadStatus" time="42.329"/>
  <system-out/>
</testsuite> <!-- vtiger.Leads.Tests.createLeadWithLeadStatus -->
