<?xml version="1.0" encoding="UTF-8"?>
<!-- Generated by org.testng.reporters.JUnitReportReporter -->
<testsuite hostname="DESKTOP-M0OO5DE" failures="0" tests="1" name="vtiger.Contacts.Tests.CreateContactTest" time="23.307" errors="0" timestamp="2022-10-18T13:26:40 IST" skipped="0">
  <testcase classname="vtiger.Contacts.Tests.CreateContactTest" name="CreateContactTests" time="23.307"/>
  <system-out>
CreateContactTests ->test execution started CreateContactTests ->test passed  </system-out>
</testsuite> <!-- vtiger.Contacts.Tests.CreateContactTest -->
