<?xml version="1.0" encoding="UTF-8"?>
<!-- Generated by org.testng.reporters.JUnitReportReporter -->
<testsuite hostname="DESKTOP-M0OO5DE" failures="0" tests="1" name="vtiger.Organization.Tests.CreateOrgWithIndustry" time="41.441" errors="0" timestamp="2022-09-22T22:41:36 IST" skipped="0">
  <testcase classname="vtiger.Organization.Tests.CreateOrgWithIndustry" name="createOrganization" time="41.441"/>
  <system-out/>
</testsuite> <!-- vtiger.Organization.Tests.CreateOrgWithIndustry -->
