<?xml version="1.0" encoding="UTF-8"?>
<!-- Generated by org.testng.reporters.JUnitReportReporter -->
<testsuite hostname="DESKTOP-M0OO5DE" failures="0" tests="1" name="vtiger.Contacts.Tests.CreateContactTest" time="26.214" errors="0" timestamp="2022-09-17T00:33:58 IST" skipped="0">
  <testcase classname="vtiger.Contacts.Tests.CreateContactTest" name="CreateContactTests" time="26.214"/>
  <system-out/>
</testsuite> <!-- vtiger.Contacts.Tests.CreateContactTest -->
