<?xml version="1.0" encoding="UTF-8"?>
<!-- Generated by org.testng.reporters.JUnitReportReporter -->
<testsuite hostname="DESKTOP-M0OO5DE" failures="0" tests="2" name="vtiger.Organization.Tests.CreateOrgWithIndustry" time="48.016" errors="0" timestamp="2022-09-14T14:40:47 IST" skipped="0">
  <testcase classname="vtiger.Organization.Tests.CreateOrgWithIndustry" name="createOrganization" time="22.385"/>
  <system-out/>
  <testcase classname="vtiger.Organization.Tests.CreateOrgWithIndustry" name="createOrganization" time="25.631"/>
  <system-out/>
</testsuite> <!-- vtiger.Organization.Tests.CreateOrgWithIndustry -->
