<?xml version="1.0" encoding="UTF-8"?>
<!-- Generated by org.testng.reporters.JUnitReportReporter -->
<testsuite hostname="DESKTOP-M0OO5DE" failures="0" tests="1" name="vtiger.Organization.Tests.CreateOrganisationTest" time="27.584" errors="0" timestamp="2022-10-18T13:33:35 IST" skipped="0">
  <testcase classname="vtiger.Organization.Tests.CreateOrganisationTest" name="CreateOrganisation" time="27.584"/>
  <system-out>
CreateOrganisation ->test execution started CreateOrganisation ->test passed  </system-out>
</testsuite> <!-- vtiger.Organization.Tests.CreateOrganisationTest -->
